  cryptoLab1.cpp
D:\dev\cryptoLab1\cryptoLab1\cryptoLab1.cpp(63,39): warning C4267: аргумент: преобразование из "size_t" в "_Ty"; возможна потеря данных
          with
          [
              _Ty=uint8_t
          ]
D:\dev\cryptoLab1\cryptoLab1\cryptoLab1.cpp(73,39): warning C4267: аргумент: преобразование из "size_t" в "_Ty"; возможна потеря данных
          with
          [
              _Ty=uint8_t
          ]
D:\dev\cryptoLab1\cryptoLab1\cryptoLab1.cpp(127,47): warning C4267: аргумент: преобразование из "size_t" в "uint8_t"; возможна потеря данных
D:\dev\cryptoLab1\cryptoLab1\cryptoLab1.cpp(144,49): warning C4267: аргумент: преобразование из "size_t" в "uint8_t"; возможна потеря данных
D:\dev\cryptoLab1\cryptoLab1\cryptoLab1.cpp(183,45): warning C4267: аргумент: преобразование из "size_t" в "_Ty"; возможна потеря данных
          with
          [
              _Ty=uint8_t
          ]
D:\dev\cryptoLab1\cryptoLab1\cryptoLab1.cpp(187,45): warning C4267: аргумент: преобразование из "size_t" в "_Ty"; возможна потеря данных
          with
          [
              _Ty=uint8_t
          ]
D:\dev\cryptoLab1\cryptoLab1\cryptoLab1.cpp(247,43): warning C4267: =: преобразование из "size_t" в "uint8_t"; возможна потеря данных
D:\dev\cryptoLab1\cryptoLab1\cryptoLab1.cpp(340,42): warning C4244: инициализация: преобразование "unsigned short" в "uint8_t", возможна потеря данных
  cryptoLab1.vcxproj -> D:\dev\cryptoLab1\x64\Debug\cryptoLab1.exe
